{"/Users/maxcm/Desktop/React/Britney Barreto/src/components/CarItem/CarItem.styled.tsx": {"path":"/Users/maxcm/Desktop/React/Britney Barreto/src/components/CarItem/CarItem.styled.tsx","statementMap":{"0":{"start":{"line":1,"column":0},"end":{"line":1,"column":39}},"1":{"start":{"line":3,"column":13},"end":{"line":11,"column":2}},"2":{"start":{"line":13,"column":14},"end":{"line":18,"column":2}},"3":{"start":{"line":20,"column":19},"end":{"line":23,"column":2}},"4":{"start":{"line":25,"column":13},"end":{"line":31,"column":2}},"5":{"start":{"line":33,"column":20},"end":{"line":36,"column":2}},"6":{"start":{"line":38,"column":14},"end":{"line":41,"column":2}},"7":{"start":{"line":43,"column":22},"end":{"line":55,"column":2}},"8":{"start":{"line":57,"column":23},"end":{"line":69,"column":2}},"9":{"start":{"line":71,"column":17},"end":{"line":75,"column":2}},"10":{"start":{"line":77,"column":22},"end":{"line":88,"column":2}},"11":{"start":{"line":90,"column":22},"end":{"line":101,"column":4}},"12":{"start":{"line":103,"column":0},"end":{"line":103,"column":29}}},"fnMap":{},"branchMap":{},"s":{"0":1,"1":1,"2":1,"3":1,"4":1,"5":1,"6":1,"7":1,"8":1,"9":1,"10":1,"11":1,"12":1},"f":{},"b":{}}
,"/Users/maxcm/Desktop/React/Britney Barreto/src/components/CarItem/CarItem.tsx": {"path":"/Users/maxcm/Desktop/React/Britney Barreto/src/components/CarItem/CarItem.tsx","statementMap":{"0":{"start":{"line":2,"column":0},"end":{"line":2,"column":45}},"1":{"start":{"line":4,"column":0},"end":{"line":4,"column":49}},"2":{"start":{"line":6,"column":120},"end":{"line":6,"column":133}},"3":{"start":{"line":12,"column":34},"end":{"line":55,"column":1}},"4":{"start":{"line":13,"column":82},"end":{"line":13,"column":103}},"5":{"start":{"line":15,"column":2},"end":{"line":54,"column":4}},"6":{"start":{"line":29,"column":12},"end":{"line":29,"column":null}},"7":{"start":{"line":35,"column":47},"end":{"line":35,"column":77}},"8":{"start":{"line":37,"column":46},"end":{"line":37,"column":76}},"9":{"start":{"line":40,"column":46},"end":{"line":40,"column":81}},"10":{"start":{"line":57,"column":0},"end":{"line":57,"column":23}}},"fnMap":{"0":{"name":"(anonymous_1)","decl":{"start":{"line":12,"column":34},"end":{"line":12,"column":35}},"loc":{"start":{"line":12,"column":52},"end":{"line":55,"column":1}}},"1":{"name":"(anonymous_2)","decl":{"start":{"line":28,"column":25},"end":{"line":28,"column":26}},"loc":{"start":{"line":29,"column":12},"end":{"line":29,"column":null}}},"2":{"name":"(anonymous_3)","decl":{"start":{"line":35,"column":41},"end":{"line":35,"column":44}},"loc":{"start":{"line":35,"column":47},"end":{"line":35,"column":77}}},"3":{"name":"(anonymous_4)","decl":{"start":{"line":37,"column":40},"end":{"line":37,"column":43}},"loc":{"start":{"line":37,"column":46},"end":{"line":37,"column":76}}},"4":{"name":"(anonymous_5)","decl":{"start":{"line":40,"column":40},"end":{"line":40,"column":43}},"loc":{"start":{"line":40,"column":46},"end":{"line":40,"column":81}}}},"branchMap":{},"s":{"0":1,"1":1,"2":1,"3":1,"4":4,"5":4,"6":8,"7":1,"8":1,"9":1,"10":1},"f":{"0":4,"1":8,"2":1,"3":1,"4":1},"b":{}}
,"/Users/maxcm/Desktop/React/Britney Barreto/src/components/Category/Category.styled.tsx": {"path":"/Users/maxcm/Desktop/React/Britney Barreto/src/components/Category/Category.styled.tsx","statementMap":{"0":{"start":{"line":1,"column":0},"end":{"line":1,"column":39}},"1":{"start":{"line":3,"column":13},"end":{"line":10,"column":2}},"2":{"start":{"line":12,"column":13},"end":{"line":19,"column":2}},"3":{"start":{"line":21,"column":13},"end":{"line":30,"column":2}},"4":{"start":{"line":32,"column":13},"end":{"line":39,"column":2}},"5":{"start":{"line":41,"column":13},"end":{"line":50,"column":2}},"6":{"start":{"line":52,"column":24},"end":{"line":58,"column":2}},"7":{"start":{"line":60,"column":0},"end":{"line":60,"column":31}}},"fnMap":{},"branchMap":{},"s":{"0":1,"1":1,"2":1,"3":1,"4":1,"5":1,"6":1,"7":1},"f":{},"b":{}}
,"/Users/maxcm/Desktop/React/Britney Barreto/src/components/Category/Category.tsx": {"path":"/Users/maxcm/Desktop/React/Britney Barreto/src/components/Category/Category.tsx","statementMap":{"0":{"start":{"line":3,"column":0},"end":{"line":3,"column":48}},"1":{"start":{"line":10,"column":99},"end":{"line":10,"column":114}},"2":{"start":{"line":12,"column":37},"end":{"line":49,"column":1}},"3":{"start":{"line":13,"column":2},"end":{"line":48,"column":4}},"4":{"start":{"line":22,"column":29},"end":{"line":22,"column":48}},"5":{"start":{"line":30,"column":10},"end":{"line":30,"column":null}},"6":{"start":{"line":34,"column":16},"end":{"line":34,"column":null}},"7":{"start":{"line":37,"column":35},"end":{"line":37,"column":61}},"8":{"start":{"line":52,"column":0},"end":{"line":52,"column":24}}},"fnMap":{"0":{"name":"(anonymous_1)","decl":{"start":{"line":12,"column":37},"end":{"line":12,"column":38}},"loc":{"start":{"line":12,"column":73},"end":{"line":49,"column":1}}},"1":{"name":"(anonymous_2)","decl":{"start":{"line":22,"column":23},"end":{"line":22,"column":26}},"loc":{"start":{"line":22,"column":29},"end":{"line":22,"column":48}}},"2":{"name":"(anonymous_3)","decl":{"start":{"line":29,"column":37},"end":{"line":29,"column":38}},"loc":{"start":{"line":30,"column":10},"end":{"line":30,"column":null}}},"3":{"name":"(anonymous_4)","decl":{"start":{"line":33,"column":37},"end":{"line":33,"column":38}},"loc":{"start":{"line":34,"column":16},"end":{"line":34,"column":null}}},"4":{"name":"(anonymous_5)","decl":{"start":{"line":37,"column":29},"end":{"line":37,"column":32}},"loc":{"start":{"line":37,"column":35},"end":{"line":37,"column":61}}}},"branchMap":{},"s":{"0":1,"1":1,"2":1,"3":3,"4":1,"5":6,"6":18,"7":1,"8":1},"f":{"0":3,"1":1,"2":6,"3":18,"4":1},"b":{}}
,"/Users/maxcm/Desktop/React/Britney Barreto/src/components/Footer/Footer.styled.tsx": {"path":"/Users/maxcm/Desktop/React/Britney Barreto/src/components/Footer/Footer.styled.tsx","statementMap":{"0":{"start":{"line":1,"column":0},"end":{"line":1,"column":39}},"1":{"start":{"line":3,"column":13},"end":{"line":12,"column":2}},"2":{"start":{"line":14,"column":13},"end":{"line":16,"column":2}},"3":{"start":{"line":18,"column":13},"end":{"line":21,"column":2}},"4":{"start":{"line":23,"column":13},"end":{"line":27,"column":2}},"5":{"start":{"line":29,"column":13},"end":{"line":33,"column":2}},"6":{"start":{"line":35,"column":13},"end":{"line":38,"column":2}},"7":{"start":{"line":40,"column":13},"end":{"line":44,"column":2}},"8":{"start":{"line":46,"column":13},"end":{"line":50,"column":2}},"9":{"start":{"line":52,"column":13},"end":{"line":57,"column":2}},"10":{"start":{"line":59,"column":13},"end":{"line":63,"column":2}},"11":{"start":{"line":65,"column":13},"end":{"line":67,"column":2}},"12":{"start":{"line":69,"column":21},"end":{"line":73,"column":2}},"13":{"start":{"line":75,"column":0},"end":{"line":75,"column":28}}},"fnMap":{},"branchMap":{},"s":{"0":1,"1":1,"2":1,"3":1,"4":1,"5":1,"6":1,"7":1,"8":1,"9":1,"10":1,"11":1,"12":1,"13":1},"f":{},"b":{}}
,"/Users/maxcm/Desktop/React/Britney Barreto/src/components/Footer/Footer.tsx": {"path":"/Users/maxcm/Desktop/React/Britney Barreto/src/components/Footer/Footer.tsx","statementMap":{"0":{"start":{"line":2,"column":0},"end":{"line":2,"column":43}},"1":{"start":{"line":6,"column":20},"end":{"line":6,"column":32}},"2":{"start":{"line":8,"column":19},"end":{"line":60,"column":1}},"3":{"start":{"line":9,"column":2},"end":{"line":59,"column":4}},"4":{"start":{"line":62,"column":0},"end":{"line":62,"column":22}}},"fnMap":{"0":{"name":"(anonymous_1)","decl":{"start":{"line":8,"column":19},"end":{"line":8,"column":22}},"loc":{"start":{"line":8,"column":24},"end":{"line":60,"column":1}}}},"branchMap":{},"s":{"0":1,"1":1,"2":1,"3":4,"4":1},"f":{"0":4},"b":{}}
,"/Users/maxcm/Desktop/React/Britney Barreto/src/components/HeaderPrincipal/Header.styled.tsx": {"path":"/Users/maxcm/Desktop/React/Britney Barreto/src/components/HeaderPrincipal/Header.styled.tsx","statementMap":{"0":{"start":{"line":1,"column":0},"end":{"line":1,"column":39}},"1":{"start":{"line":3,"column":22},"end":{"line":18,"column":2}},"2":{"start":{"line":20,"column":13},"end":{"line":24,"column":2}},"3":{"start":{"line":26,"column":18},"end":{"line":32,"column":2}},"4":{"start":{"line":34,"column":19},"end":{"line":37,"column":2}},"5":{"start":{"line":39,"column":15},"end":{"line":49,"column":2}},"6":{"start":{"line":51,"column":22},"end":{"line":65,"column":2}},"7":{"start":{"line":67,"column":23},"end":{"line":80,"column":2}},"8":{"start":{"line":82,"column":16},"end":{"line":90,"column":2}},"9":{"start":{"line":92,"column":16},"end":{"line":95,"column":2}},"10":{"start":{"line":97,"column":13},"end":{"line":100,"column":2}},"11":{"start":{"line":102,"column":19},"end":{"line":110,"column":2}},"12":{"start":{"line":112,"column":21},"end":{"line":124,"column":2}},"13":{"start":{"line":126,"column":0},"end":{"line":126,"column":28}}},"fnMap":{},"branchMap":{},"s":{"0":5,"1":5,"2":5,"3":5,"4":5,"5":5,"6":5,"7":5,"8":5,"9":5,"10":5,"11":5,"12":5,"13":5},"f":{},"b":{}}
,"/Users/maxcm/Desktop/React/Britney Barreto/src/components/HeaderPrincipal/HeaderPrincipal.tsx": {"path":"/Users/maxcm/Desktop/React/Britney Barreto/src/components/HeaderPrincipal/HeaderPrincipal.tsx","statementMap":{"0":{"start":{"line":2,"column":0},"end":{"line":2,"column":43}},"1":{"start":{"line":3,"column":0},"end":{"line":3,"column":54}},"2":{"start":{"line":4,"column":0},"end":{"line":4,"column":51}},"3":{"start":{"line":5,"column":0},"end":{"line":5,"column":43}},"4":{"start":{"line":7,"column":26},"end":{"line":7,"column":38}},"5":{"start":{"line":13,"column":32},"end":{"line":18,"column":null}},"6":{"start":{"line":14,"column":2},"end":{"line":17,"column":null}},"7":{"start":{"line":21,"column":0},"end":{"line":21,"column":22}}},"fnMap":{"0":{"name":"(anonymous_1)","decl":{"start":{"line":13,"column":32},"end":{"line":13,"column":33}},"loc":{"start":{"line":14,"column":2},"end":{"line":17,"column":null}}}},"branchMap":{},"s":{"0":1,"1":1,"2":1,"3":1,"4":1,"5":1,"6":2,"7":1},"f":{"0":2},"b":{}}
,"/Users/maxcm/Desktop/React/Britney Barreto/src/components/HeaderPrincipal/HeaderSecundario.tsx": {"path":"/Users/maxcm/Desktop/React/Britney Barreto/src/components/HeaderPrincipal/HeaderSecundario.tsx","statementMap":{"0":{"start":{"line":2,"column":0},"end":{"line":2,"column":43}},"1":{"start":{"line":3,"column":0},"end":{"line":3,"column":54}},"2":{"start":{"line":4,"column":0},"end":{"line":4,"column":43}},"3":{"start":{"line":6,"column":26},"end":{"line":6,"column":38}},"4":{"start":{"line":8,"column":19},"end":{"line":12,"column":null}},"5":{"start":{"line":9,"column":2},"end":{"line":11,"column":null}},"6":{"start":{"line":15,"column":0},"end":{"line":15,"column":22}}},"fnMap":{"0":{"name":"(anonymous_1)","decl":{"start":{"line":8,"column":19},"end":{"line":8,"column":22}},"loc":{"start":{"line":9,"column":2},"end":{"line":11,"column":null}}}},"branchMap":{},"s":{"0":1,"1":1,"2":1,"3":1,"4":1,"5":1,"6":1},"f":{"0":1},"b":{}}
,"/Users/maxcm/Desktop/React/Britney Barreto/src/components/LogoHeader/LogoHeader.tsx": {"path":"/Users/maxcm/Desktop/React/Britney Barreto/src/components/LogoHeader/LogoHeader.tsx","statementMap":{"0":{"start":{"line":2,"column":0},"end":{"line":2,"column":40}},"1":{"start":{"line":3,"column":0},"end":{"line":3,"column":60}},"2":{"start":{"line":6,"column":40},"end":{"line":6,"column":52}},"3":{"start":{"line":8,"column":30},"end":{"line":16,"column":null}},"4":{"start":{"line":9,"column":2},"end":{"line":15,"column":null}},"5":{"start":{"line":8,"column":13},"end":{"line":8,"column":30}}},"fnMap":{"0":{"name":"(anonymous_1)","decl":{"start":{"line":8,"column":30},"end":{"line":8,"column":33}},"loc":{"start":{"line":9,"column":2},"end":{"line":15,"column":null}}}},"branchMap":{},"s":{"0":1,"1":1,"2":1,"3":1,"4":1,"5":1},"f":{"0":1},"b":{}}
,"/Users/maxcm/Desktop/React/Britney Barreto/src/components/Products/Producto.styled.tsx": {"path":"/Users/maxcm/Desktop/React/Britney Barreto/src/components/Products/Producto.styled.tsx","statementMap":{"0":{"start":{"line":1,"column":0},"end":{"line":1,"column":39}},"1":{"start":{"line":3,"column":13},"end":{"line":7,"column":2}},"2":{"start":{"line":9,"column":13},"end":{"line":13,"column":2}},"3":{"start":{"line":15,"column":13},"end":{"line":22,"column":2}},"4":{"start":{"line":24,"column":13},"end":{"line":29,"column":2}},"5":{"start":{"line":31,"column":13},"end":{"line":38,"column":2}},"6":{"start":{"line":40,"column":13},"end":{"line":43,"column":2}},"7":{"start":{"line":45,"column":13},"end":{"line":48,"column":2}},"8":{"start":{"line":50,"column":13},"end":{"line":60,"column":2}},"9":{"start":{"line":62,"column":23},"end":{"line":71,"column":2}},"10":{"start":{"line":73,"column":0},"end":{"line":73,"column":30}}},"fnMap":{},"branchMap":{},"s":{"0":1,"1":1,"2":1,"3":1,"4":1,"5":1,"6":1,"7":1,"8":1,"9":1,"10":1},"f":{},"b":{}}
,"/Users/maxcm/Desktop/React/Britney Barreto/src/components/Products/Products.tsx": {"path":"/Users/maxcm/Desktop/React/Britney Barreto/src/components/Products/Products.tsx","statementMap":{"0":{"start":{"line":2,"column":0},"end":{"line":2,"column":47}},"1":{"start":{"line":5,"column":100},"end":{"line":5,"column":114}},"2":{"start":{"line":12,"column":36},"end":{"line":32,"column":1}},"3":{"start":{"line":13,"column":2},"end":{"line":31,"column":4}},"4":{"start":{"line":18,"column":12},"end":{"line":18,"column":null}},"5":{"start":{"line":23,"column":40},"end":{"line":23,"column":61}},"6":{"start":{"line":34,"column":0},"end":{"line":34,"column":24}}},"fnMap":{"0":{"name":"(anonymous_1)","decl":{"start":{"line":12,"column":36},"end":{"line":12,"column":37}},"loc":{"start":{"line":12,"column":67},"end":{"line":32,"column":1}}},"1":{"name":"(anonymous_2)","decl":{"start":{"line":17,"column":25},"end":{"line":17,"column":26}},"loc":{"start":{"line":18,"column":12},"end":{"line":18,"column":null}}},"2":{"name":"(anonymous_3)","decl":{"start":{"line":23,"column":34},"end":{"line":23,"column":37}},"loc":{"start":{"line":23,"column":40},"end":{"line":23,"column":61}}}},"branchMap":{"0":{"loc":{"start":{"line":15,"column":7},"end":{"line":28,"column":null}},"type":"cond-expr","locations":[{"start":{"line":16,"column":8},"end":{"line":25,"column":null}},{"start":{"line":28,"column":8},"end":{"line":28,"column":44}}]}},"s":{"0":1,"1":1,"2":1,"3":3,"4":4,"5":1,"6":1},"f":{"0":3,"1":4,"2":1},"b":{"0":[2,1]}}
,"/Users/maxcm/Desktop/React/Britney Barreto/src/components/SearchBar/SearchBar.tsx": {"path":"/Users/maxcm/Desktop/React/Britney Barreto/src/components/SearchBar/SearchBar.tsx","statementMap":{"0":{"start":{"line":2,"column":0},"end":{"line":2,"column":60}},"1":{"start":{"line":4,"column":50},"end":{"line":4,"column":62}},"2":{"start":{"line":10,"column":45},"end":{"line":26,"column":1}},"3":{"start":{"line":11,"column":29},"end":{"line":13,"column":3}},"4":{"start":{"line":12,"column":4},"end":{"line":12,"column":36}},"5":{"start":{"line":15,"column":2},"end":{"line":25,"column":4}},"6":{"start":{"line":10,"column":13},"end":{"line":10,"column":45}}},"fnMap":{"0":{"name":"(anonymous_1)","decl":{"start":{"line":10,"column":45},"end":{"line":10,"column":46}},"loc":{"start":{"line":10,"column":65},"end":{"line":26,"column":1}}},"1":{"name":"(anonymous_2)","decl":{"start":{"line":11,"column":29},"end":{"line":11,"column":30}},"loc":{"start":{"line":11,"column":76},"end":{"line":13,"column":3}}}},"branchMap":{},"s":{"0":1,"1":1,"2":1,"3":1,"4":2,"5":1,"6":1},"f":{"0":1,"1":2},"b":{}}
,"/Users/maxcm/Desktop/React/Britney Barreto/src/components/User/User.tsx": {"path":"/Users/maxcm/Desktop/React/Britney Barreto/src/components/User/User.tsx","statementMap":{"0":{"start":{"line":2,"column":0},"end":{"line":2,"column":40}},"1":{"start":{"line":3,"column":0},"end":{"line":3,"column":60}},"2":{"start":{"line":4,"column":0},"end":{"line":4,"column":52}},"3":{"start":{"line":7,"column":47},"end":{"line":7,"column":59}},"4":{"start":{"line":9,"column":31},"end":{"line":22,"column":1}},"5":{"start":{"line":10,"column":22},"end":{"line":10,"column":31}},"6":{"start":{"line":11,"column":25},"end":{"line":11,"column":86}},"7":{"start":{"line":11,"column":59},"end":{"line":11,"column":82}},"8":{"start":{"line":13,"column":2},"end":{"line":21,"column":4}},"9":{"start":{"line":9,"column":13},"end":{"line":9,"column":31}}},"fnMap":{"0":{"name":"(anonymous_1)","decl":{"start":{"line":9,"column":31},"end":{"line":9,"column":34}},"loc":{"start":{"line":9,"column":36},"end":{"line":22,"column":1}}},"1":{"name":"(anonymous_2)","decl":{"start":{"line":11,"column":40},"end":{"line":11,"column":41}},"loc":{"start":{"line":11,"column":59},"end":{"line":11,"column":82}}}},"branchMap":{},"s":{"0":1,"1":1,"2":1,"3":1,"4":1,"5":3,"6":3,"7":6,"8":3,"9":1},"f":{"0":3,"1":6},"b":{}}
,"/Users/maxcm/Desktop/React/Britney Barreto/src/context/CartContext.tsx": {"path":"/Users/maxcm/Desktop/React/Britney Barreto/src/context/CartContext.tsx","statementMap":{"0":{"start":{"line":1,"column":0},"end":{"line":1,"column":75}},"1":{"start":{"line":15,"column":20},"end":{"line":15,"column":73}},"2":{"start":{"line":47,"column":8},"end":{"line":47,"column":19}},"3":{"start":{"line":21,"column":51},"end":{"line":37,"column":1}},"4":{"start":{"line":22,"column":32},"end":{"line":22,"column":62}},"5":{"start":{"line":24,"column":25},"end":{"line":26,"column":3}},"6":{"start":{"line":25,"column":4},"end":{"line":25,"column":19}},"7":{"start":{"line":28,"column":29},"end":{"line":30,"column":3}},"8":{"start":{"line":29,"column":4},"end":{"line":29,"column":94}},"9":{"start":{"line":29,"column":32},"end":{"line":29,"column":92}},"10":{"start":{"line":29,"column":65},"end":{"line":29,"column":91}},"11":{"start":{"line":32,"column":2},"end":{"line":36,"column":4}},"12":{"start":{"line":21,"column":13},"end":{"line":21,"column":51}},"13":{"start":{"line":39,"column":23},"end":{"line":45,"column":1}},"14":{"start":{"line":40,"column":18},"end":{"line":40,"column":41}},"15":{"start":{"line":41,"column":2},"end":{"line":43,"column":3}},"16":{"start":{"line":42,"column":4},"end":{"line":42,"column":72}},"17":{"start":{"line":44,"column":2},"end":{"line":44,"column":17}},"18":{"start":{"line":39,"column":13},"end":{"line":39,"column":23}}},"fnMap":{"0":{"name":"(anonymous_0)","decl":{"start":{"line":21,"column":51},"end":{"line":21,"column":52}},"loc":{"start":{"line":21,"column":68},"end":{"line":37,"column":1}}},"1":{"name":"(anonymous_1)","decl":{"start":{"line":24,"column":25},"end":{"line":24,"column":28}},"loc":{"start":{"line":24,"column":30},"end":{"line":26,"column":3}}},"2":{"name":"(anonymous_2)","decl":{"start":{"line":28,"column":29},"end":{"line":28,"column":30}},"loc":{"start":{"line":28,"column":52},"end":{"line":30,"column":3}}},"3":{"name":"(anonymous_3)","decl":{"start":{"line":29,"column":15},"end":{"line":29,"column":16}},"loc":{"start":{"line":29,"column":32},"end":{"line":29,"column":92}}},"4":{"name":"(anonymous_4)","decl":{"start":{"line":29,"column":51},"end":{"line":29,"column":52}},"loc":{"start":{"line":29,"column":65},"end":{"line":29,"column":91}}},"5":{"name":"(anonymous_5)","decl":{"start":{"line":39,"column":23},"end":{"line":39,"column":43}},"loc":{"start":{"line":39,"column":45},"end":{"line":45,"column":1}}}},"branchMap":{"0":{"loc":{"start":{"line":41,"column":2},"end":{"line":43,"column":3}},"type":"if","locations":[{"start":{"line":41,"column":2},"end":{"line":43,"column":3}}]}},"s":{"0":1,"1":1,"2":1,"3":1,"4":0,"5":0,"6":0,"7":0,"8":0,"9":0,"10":0,"11":0,"12":1,"13":1,"14":3,"15":3,"16":0,"17":3,"18":1},"f":{"0":0,"1":0,"2":0,"3":0,"4":0,"5":3},"b":{"0":[0]}}
,"/Users/maxcm/Desktop/React/Britney Barreto/src/hooks/useCart.ts": {"path":"/Users/maxcm/Desktop/React/Britney Barreto/src/hooks/useCart.ts","statementMap":{"0":{"start":{"line":1,"column":0},"end":{"line":1,"column":49}},"1":{"start":{"line":2,"column":0},"end":{"line":2,"column":110}},"2":{"start":{"line":5,"column":26},"end":{"line":30,"column":1}},"3":{"start":{"line":6,"column":45},"end":{"line":6,"column":54}},"4":{"start":{"line":8,"column":28},"end":{"line":11,"column":3}},"5":{"start":{"line":9,"column":28},"end":{"line":9,"column":70}},"6":{"start":{"line":10,"column":4},"end":{"line":10,"column":32}},"7":{"start":{"line":13,"column":28},"end":{"line":16,"column":3}},"8":{"start":{"line":14,"column":28},"end":{"line":14,"column":70}},"9":{"start":{"line":15,"column":4},"end":{"line":15,"column":32}},"10":{"start":{"line":18,"column":33},"end":{"line":20,"column":3}},"11":{"start":{"line":19,"column":4},"end":{"line":19,"column":35}},"12":{"start":{"line":22,"column":16},"end":{"line":22,"column":40}},"13":{"start":{"line":24,"column":2},"end":{"line":29,"column":4}},"14":{"start":{"line":5,"column":13},"end":{"line":5,"column":26}}},"fnMap":{"0":{"name":"(anonymous_0)","decl":{"start":{"line":5,"column":26},"end":{"line":5,"column":27}},"loc":{"start":{"line":5,"column":58},"end":{"line":30,"column":1}}},"1":{"name":"(anonymous_1)","decl":{"start":{"line":8,"column":28},"end":{"line":8,"column":29}},"loc":{"start":{"line":8,"column":51},"end":{"line":11,"column":3}}},"2":{"name":"(anonymous_2)","decl":{"start":{"line":13,"column":28},"end":{"line":13,"column":29}},"loc":{"start":{"line":13,"column":51},"end":{"line":16,"column":3}}},"3":{"name":"(anonymous_3)","decl":{"start":{"line":18,"column":33},"end":{"line":18,"column":34}},"loc":{"start":{"line":18,"column":56},"end":{"line":20,"column":3}}}},"branchMap":{},"s":{"0":1,"1":1,"2":1,"3":4,"4":4,"5":1,"6":1,"7":4,"8":1,"9":1,"10":4,"11":1,"12":4,"13":4,"14":1},"f":{"0":4,"1":1,"2":1,"3":1},"b":{}}
,"/Users/maxcm/Desktop/React/Britney Barreto/src/hooks/useFormulario.ts": {"path":"/Users/maxcm/Desktop/React/Britney Barreto/src/hooks/useFormulario.ts","statementMap":{"0":{"start":{"line":1,"column":0},"end":{"line":1,"column":33}},"1":{"start":{"line":3,"column":0},"end":{"line":3,"column":53}},"2":{"start":{"line":4,"column":0},"end":{"line":4,"column":49}},"3":{"start":{"line":6,"column":0},"end":{"line":6,"column":47}},"4":{"start":{"line":8,"column":29},"end":{"line":72,"column":1}},"5":{"start":{"line":9,"column":19},"end":{"line":9,"column":32}},"6":{"start":{"line":10,"column":25},"end":{"line":10,"column":34}},"7":{"start":{"line":12,"column":34},"end":{"line":19,"column":4}},"8":{"start":{"line":21,"column":32},"end":{"line":28,"column":4}},"9":{"start":{"line":30,"column":20},"end":{"line":30,"column":47}},"10":{"start":{"line":32,"column":24},"end":{"line":42,"column":3}},"11":{"start":{"line":35,"column":28},"end":{"line":35,"column":36}},"12":{"start":{"line":36,"column":4},"end":{"line":36,"column":48}},"13":{"start":{"line":38,"column":4},"end":{"line":41,"column":7}},"14":{"start":{"line":44,"column":23},"end":{"line":63,"column":3}},"15":{"start":{"line":45,"column":4},"end":{"line":45,"column":23}},"16":{"start":{"line":48,"column":26},"end":{"line":51,"column":22}},"17":{"start":{"line":49,"column":6},"end":{"line":49,"column":131}},"18":{"start":{"line":50,"column":6},"end":{"line":50,"column":17}},"19":{"start":{"line":53,"column":4},"end":{"line":53,"column":30}},"20":{"start":{"line":56,"column":23},"end":{"line":56,"column":81}},"21":{"start":{"line":56,"column":68},"end":{"line":56,"column":80}},"22":{"start":{"line":57,"column":4},"end":{"line":57,"column":27}},"23":{"start":{"line":57,"column":20},"end":{"line":57,"column":27}},"24":{"start":{"line":60,"column":4},"end":{"line":60,"column":23}},"25":{"start":{"line":61,"column":4},"end":{"line":61,"column":19}},"26":{"start":{"line":62,"column":4},"end":{"line":62,"column":32}},"27":{"start":{"line":65,"column":2},"end":{"line":71,"column":4}},"28":{"start":{"line":8,"column":13},"end":{"line":8,"column":29}}},"fnMap":{"0":{"name":"(anonymous_0)","decl":{"start":{"line":8,"column":29},"end":{"line":8,"column":30}},"loc":{"start":{"line":8,"column":72},"end":{"line":72,"column":1}}},"1":{"name":"(anonymous_1)","decl":{"start":{"line":32,"column":24},"end":{"line":32,"column":null}},"loc":{"start":{"line":34,"column":6},"end":{"line":42,"column":3}}},"2":{"name":"(anonymous_2)","decl":{"start":{"line":44,"column":23},"end":{"line":44,"column":24}},"loc":{"start":{"line":44,"column":46},"end":{"line":63,"column":3}}},"3":{"name":"(anonymous_3)","decl":{"start":{"line":48,"column":55},"end":{"line":48,"column":56}},"loc":{"start":{"line":48,"column":70},"end":{"line":51,"column":5}}},"4":{"name":"(anonymous_4)","decl":{"start":{"line":56,"column":57},"end":{"line":56,"column":58}},"loc":{"start":{"line":56,"column":68},"end":{"line":56,"column":80}}}},"branchMap":{"0":{"loc":{"start":{"line":57,"column":4},"end":{"line":57,"column":27}},"type":"if","locations":[{"start":{"line":57,"column":4},"end":{"line":57,"column":27}}]}},"s":{"0":1,"1":1,"2":1,"3":1,"4":1,"5":7,"6":7,"7":7,"8":7,"9":7,"10":7,"11":8,"12":8,"13":8,"14":7,"15":2,"16":2,"17":12,"18":12,"19":2,"20":2,"21":2,"22":2,"23":2,"24":0,"25":0,"26":0,"27":7,"28":1},"f":{"0":7,"1":8,"2":2,"3":12,"4":2},"b":{"0":[2]}}
,"/Users/maxcm/Desktop/React/Britney Barreto/src/hooks/useProducts.ts": {"path":"/Users/maxcm/Desktop/React/Britney Barreto/src/hooks/useProducts.ts","statementMap":{"0":{"start":{"line":1,"column":0},"end":{"line":1,"column":53}},"1":{"start":{"line":2,"column":0},"end":{"line":2,"column":47}},"2":{"start":{"line":4,"column":0},"end":{"line":4,"column":50}},"3":{"start":{"line":10,"column":28},"end":{"line":69,"column":1}},"4":{"start":{"line":11,"column":36},"end":{"line":11,"column":59}},"5":{"start":{"line":12,"column":34},"end":{"line":12,"column":57}},"6":{"start":{"line":14,"column":2},"end":{"line":30,"column":9}},"7":{"start":{"line":15,"column":28},"end":{"line":28,"column":5}},"8":{"start":{"line":16,"column":6},"end":{"line":27,"column":7}},"9":{"start":{"line":17,"column":25},"end":{"line":17,"column":55}},"10":{"start":{"line":18,"column":8},"end":{"line":22,"column":9}},"11":{"start":{"line":19,"column":10},"end":{"line":19,"column":42}},"12":{"start":{"line":21,"column":10},"end":{"line":21,"column":76}},"13":{"start":{"line":23,"column":8},"end":{"line":23,"column":27}},"14":{"start":{"line":25,"column":8},"end":{"line":25,"column":63}},"15":{"start":{"line":26,"column":8},"end":{"line":26,"column":27}},"16":{"start":{"line":29,"column":4},"end":{"line":29,"column":22}},"17":{"start":{"line":33,"column":29},"end":{"line":66,"column":38}},"18":{"start":{"line":34,"column":29},"end":{"line":34,"column":43}},"19":{"start":{"line":37,"column":4},"end":{"line":43,"column":5}},"20":{"start":{"line":38,"column":6},"end":{"line":42,"column":8}},"21":{"start":{"line":39,"column":8},"end":{"line":40,"column":null}},"22":{"start":{"line":40,"column":10},"end":{"line":40,"column":48}},"23":{"start":{"line":46,"column":34},"end":{"line":46,"column":57}},"24":{"start":{"line":47,"column":4},"end":{"line":63,"column":5}},"25":{"start":{"line":49,"column":32},"end":{"line":49,"column":37}},"26":{"start":{"line":50,"column":6},"end":{"line":57,"column":9}},"27":{"start":{"line":51,"column":8},"end":{"line":56,"column":9}},"28":{"start":{"line":51,"column":40},"end":{"line":51,"column":60}},"29":{"start":{"line":52,"column":10},"end":{"line":52,"column":37}},"30":{"start":{"line":53,"column":10},"end":{"line":55,"column":12}},"31":{"start":{"line":54,"column":12},"end":{"line":54,"column":69}},"32":{"start":{"line":60,"column":6},"end":{"line":62,"column":7}},"33":{"start":{"line":61,"column":8},"end":{"line":61,"column":75}},"34":{"start":{"line":65,"column":4},"end":{"line":65,"column":30}},"35":{"start":{"line":68,"column":2},"end":{"line":68,"column":42}},"36":{"start":{"line":10,"column":13},"end":{"line":10,"column":28}}},"fnMap":{"0":{"name":"(anonymous_0)","decl":{"start":{"line":10,"column":28},"end":{"line":10,"column":29}},"loc":{"start":{"line":10,"column":68},"end":{"line":69,"column":1}}},"1":{"name":"(anonymous_1)","decl":{"start":{"line":14,"column":12},"end":{"line":14,"column":15}},"loc":{"start":{"line":14,"column":17},"end":{"line":30,"column":3}}},"2":{"name":"(anonymous_2)","decl":{"start":{"line":15,"column":28},"end":{"line":15,"column":33}},"loc":{"start":{"line":15,"column":39},"end":{"line":28,"column":5}}},"3":{"name":"(anonymous_3)","decl":{"start":{"line":33,"column":37},"end":{"line":33,"column":40}},"loc":{"start":{"line":33,"column":42},"end":{"line":66,"column":3}}},"4":{"name":"(anonymous_4)","decl":{"start":{"line":38,"column":53},"end":{"line":38,"column":54}},"loc":{"start":{"line":39,"column":8},"end":{"line":40,"column":null}}},"5":{"name":"(anonymous_5)","decl":{"start":{"line":39,"column":62},"end":{"line":39,"column":63}},"loc":{"start":{"line":40,"column":10},"end":{"line":40,"column":48}}},"6":{"name":"(anonymous_6)","decl":{"start":{"line":50,"column":36},"end":{"line":50,"column":49}},"loc":{"start":{"line":50,"column":52},"end":{"line":57,"column":7}}},"7":{"name":"(anonymous_7)","decl":{"start":{"line":51,"column":30},"end":{"line":51,"column":36}},"loc":{"start":{"line":51,"column":40},"end":{"line":51,"column":60}}},"8":{"name":"(anonymous_8)","decl":{"start":{"line":53,"column":57},"end":{"line":53,"column":65}},"loc":{"start":{"line":54,"column":12},"end":{"line":54,"column":69}}}},"branchMap":{"0":{"loc":{"start":{"line":18,"column":8},"end":{"line":22,"column":9}},"type":"if","locations":[{"start":{"line":18,"column":8},"end":{"line":22,"column":9}},{"start":{"line":20,"column":15},"end":{"line":22,"column":9}}]},"1":{"loc":{"start":{"line":37,"column":4},"end":{"line":43,"column":5}},"type":"if","locations":[{"start":{"line":37,"column":4},"end":{"line":43,"column":5}}]},"2":{"loc":{"start":{"line":47,"column":4},"end":{"line":63,"column":5}},"type":"if","locations":[{"start":{"line":47,"column":4},"end":{"line":63,"column":5}}]},"3":{"loc":{"start":{"line":51,"column":8},"end":{"line":56,"column":9}},"type":"if","locations":[{"start":{"line":51,"column":8},"end":{"line":56,"column":9}}]},"4":{"loc":{"start":{"line":60,"column":6},"end":{"line":62,"column":7}},"type":"if","locations":[{"start":{"line":60,"column":6},"end":{"line":62,"column":7}}]}},"s":{"0":1,"1":1,"2":1,"3":1,"4":10,"5":10,"6":10,"7":5,"8":5,"9":5,"10":5,"11":5,"12":0,"13":5,"14":0,"15":0,"16":5,"17":10,"18":10,"19":10,"20":2,"21":2,"22":2,"23":10,"24":10,"25":4,"26":4,"27":8,"28":16,"29":2,"30":2,"31":2,"32":4,"33":2,"34":10,"35":10,"36":1},"f":{"0":10,"1":5,"2":5,"3":10,"4":2,"5":2,"6":8,"7":16,"8":2},"b":{"0":[5,0],"1":[2],"2":[4],"3":[2],"4":[2]}}
,"/Users/maxcm/Desktop/React/Britney Barreto/src/proxy/fetchData.ts": {"path":"/Users/maxcm/Desktop/React/Britney Barreto/src/proxy/fetchData.ts","statementMap":{"0":{"start":{"line":1,"column":16},"end":{"line":1,"column":39}},"1":{"start":{"line":3,"column":25},"end":{"line":12,"column":1}},"2":{"start":{"line":4,"column":17},"end":{"line":4,"column":38}},"3":{"start":{"line":5,"column":22},"end":{"line":5,"column":39}},"4":{"start":{"line":7,"column":4},"end":{"line":9,"column":5}},"5":{"start":{"line":8,"column":8},"end":{"line":8,"column":70}},"6":{"start":{"line":11,"column":4},"end":{"line":11,"column":34}},"7":{"start":{"line":3,"column":13},"end":{"line":3,"column":25}},"8":{"start":{"line":14,"column":34},"end":{"line":23,"column":1}},"9":{"start":{"line":15,"column":17},"end":{"line":15,"column":52}},"10":{"start":{"line":16,"column":22},"end":{"line":16,"column":39}},"11":{"start":{"line":18,"column":4},"end":{"line":20,"column":5}},"12":{"start":{"line":19,"column":8},"end":{"line":19,"column":70}},"13":{"start":{"line":22,"column":4},"end":{"line":22,"column":34}},"14":{"start":{"line":14,"column":13},"end":{"line":14,"column":34}}},"fnMap":{"0":{"name":"(anonymous_0)","decl":{"start":{"line":3,"column":25},"end":{"line":3,"column":30}},"loc":{"start":{"line":3,"column":51},"end":{"line":12,"column":1}}},"1":{"name":"(anonymous_1)","decl":{"start":{"line":14,"column":34},"end":{"line":14,"column":39}},"loc":{"start":{"line":14,"column":64},"end":{"line":23,"column":1}}}},"branchMap":{"0":{"loc":{"start":{"line":7,"column":4},"end":{"line":9,"column":5}},"type":"if","locations":[{"start":{"line":7,"column":4},"end":{"line":9,"column":5}}]},"1":{"loc":{"start":{"line":18,"column":4},"end":{"line":20,"column":5}},"type":"if","locations":[{"start":{"line":18,"column":4},"end":{"line":20,"column":5}}]}},"s":{"0":2,"1":2,"2":2,"3":2,"4":2,"5":1,"6":1,"7":2,"8":2,"9":2,"10":2,"11":2,"12":1,"13":1,"14":2},"f":{"0":2,"1":2},"b":{"0":[1],"1":[1]}}
,"/Users/maxcm/Desktop/React/Britney Barreto/src/utils/validaciones.ts": {"path":"/Users/maxcm/Desktop/React/Britney Barreto/src/utils/validaciones.ts","statementMap":{"0":{"start":{"line":1,"column":13},"end":{"line":5,"column":13}},"1":{"start":{"line":9,"column":30},"end":{"line":25,"column":3}},"2":{"start":{"line":10,"column":4},"end":{"line":10,"column":43}},"3":{"start":{"line":10,"column":16},"end":{"line":10,"column":43}},"4":{"start":{"line":12,"column":4},"end":{"line":22,"column":5}},"5":{"start":{"line":15,"column":8},"end":{"line":15,"column":79}},"6":{"start":{"line":15,"column":40},"end":{"line":15,"column":79}},"7":{"start":{"line":16,"column":8},"end":{"line":16,"column":14}},"8":{"start":{"line":18,"column":8},"end":{"line":18,"column":93}},"9":{"start":{"line":18,"column":40},"end":{"line":18,"column":93}},"10":{"start":{"line":19,"column":8},"end":{"line":19,"column":14}},"11":{"start":{"line":21,"column":8},"end":{"line":21,"column":14}},"12":{"start":{"line":24,"column":4},"end":{"line":24,"column":14}},"13":{"start":{"line":9,"column":15},"end":{"line":9,"column":30}}},"fnMap":{"0":{"name":"(anonymous_0)","decl":{"start":{"line":9,"column":30},"end":{"line":9,"column":31}},"loc":{"start":{"line":9,"column":70},"end":{"line":25,"column":3}}}},"branchMap":{"0":{"loc":{"start":{"line":10,"column":4},"end":{"line":10,"column":43}},"type":"if","locations":[{"start":{"line":10,"column":4},"end":{"line":10,"column":43}}]},"1":{"loc":{"start":{"line":12,"column":4},"end":{"line":22,"column":5}},"type":"switch","locations":[{"start":{"line":13,"column":6},"end":{"line":13,"column":21}},{"start":{"line":14,"column":6},"end":{"line":16,"column":14}},{"start":{"line":17,"column":6},"end":{"line":19,"column":14}},{"start":{"line":20,"column":6},"end":{"line":21,"column":14}}]},"2":{"loc":{"start":{"line":15,"column":8},"end":{"line":15,"column":79}},"type":"if","locations":[{"start":{"line":15,"column":8},"end":{"line":15,"column":79}}]},"3":{"loc":{"start":{"line":18,"column":8},"end":{"line":18,"column":93}},"type":"if","locations":[{"start":{"line":18,"column":8},"end":{"line":18,"column":93}}]}},"s":{"0":2,"1":2,"2":27,"3":14,"4":13,"5":8,"6":4,"7":4,"8":5,"9":3,"10":2,"11":0,"12":6,"13":2},"f":{"0":27},"b":{"0":[14],"1":[4,8,5,0],"2":[4],"3":[3]}}
}
