TN:
SF:src/components/CarItem/CarItem.styled.tsx
FNF:0
FNH:0
DA:1,1
DA:3,1
DA:13,1
DA:20,1
DA:25,1
DA:33,1
DA:38,1
DA:43,1
DA:57,1
DA:71,1
DA:77,1
DA:90,1
DA:103,1
LF:13
LH:13
BRF:0
BRH:0
end_of_record
TN:
SF:src/components/CarItem/CarItem.tsx
FN:12,(anonymous_1)
FN:28,(anonymous_2)
FN:35,(anonymous_3)
FN:37,(anonymous_4)
FN:40,(anonymous_5)
FNF:5
FNH:5
FNDA:4,(anonymous_1)
FNDA:8,(anonymous_2)
FNDA:1,(anonymous_3)
FNDA:1,(anonymous_4)
FNDA:1,(anonymous_5)
DA:2,1
DA:4,1
DA:6,1
DA:12,1
DA:13,4
DA:15,4
DA:29,8
DA:35,1
DA:37,1
DA:40,1
DA:57,1
LF:11
LH:11
BRF:0
BRH:0
end_of_record
TN:
SF:src/components/Category/Category.styled.tsx
FNF:0
FNH:0
DA:1,1
DA:3,1
DA:12,1
DA:21,1
DA:32,1
DA:41,1
DA:52,1
DA:60,1
LF:8
LH:8
BRF:0
BRH:0
end_of_record
TN:
SF:src/components/Category/Category.tsx
FN:12,(anonymous_1)
FN:22,(anonymous_2)
FN:29,(anonymous_3)
FN:33,(anonymous_4)
FN:37,(anonymous_5)
FNF:5
FNH:5
FNDA:3,(anonymous_1)
FNDA:1,(anonymous_2)
FNDA:6,(anonymous_3)
FNDA:18,(anonymous_4)
FNDA:1,(anonymous_5)
DA:3,1
DA:10,1
DA:12,1
DA:13,3
DA:22,1
DA:30,6
DA:34,18
DA:37,1
DA:52,1
LF:9
LH:9
BRF:0
BRH:0
end_of_record
TN:
SF:src/components/Footer/Footer.styled.tsx
FNF:0
FNH:0
DA:1,1
DA:3,1
DA:14,1
DA:18,1
DA:23,1
DA:29,1
DA:35,1
DA:40,1
DA:46,1
DA:52,1
DA:59,1
DA:65,1
DA:69,1
DA:75,1
LF:14
LH:14
BRF:0
BRH:0
end_of_record
TN:
SF:src/components/Footer/Footer.tsx
FN:8,(anonymous_1)
FNF:1
FNH:1
FNDA:4,(anonymous_1)
DA:2,1
DA:6,1
DA:8,1
DA:9,4
DA:62,1
LF:5
LH:5
BRF:0
BRH:0
end_of_record
TN:
SF:src/components/HeaderPrincipal/Header.styled.tsx
FNF:0
FNH:0
DA:1,5
DA:3,5
DA:20,5
DA:26,5
DA:34,5
DA:39,5
DA:51,5
DA:67,5
DA:82,5
DA:92,5
DA:97,5
DA:102,5
DA:112,5
DA:126,5
LF:14
LH:14
BRF:0
BRH:0
end_of_record
TN:
SF:src/components/HeaderPrincipal/HeaderPrincipal.tsx
FN:13,(anonymous_1)
FNF:1
FNH:1
FNDA:2,(anonymous_1)
DA:2,1
DA:3,1
DA:4,1
DA:5,1
DA:7,1
DA:13,1
DA:14,2
DA:21,1
LF:8
LH:8
BRF:0
BRH:0
end_of_record
TN:
SF:src/components/HeaderPrincipal/HeaderSecundario.tsx
FN:8,(anonymous_1)
FNF:1
FNH:1
FNDA:1,(anonymous_1)
DA:2,1
DA:3,1
DA:4,1
DA:6,1
DA:8,1
DA:9,1
DA:15,1
LF:7
LH:7
BRF:0
BRH:0
end_of_record
TN:
SF:src/components/LogoHeader/LogoHeader.tsx
FN:8,(anonymous_1)
FNF:1
FNH:1
FNDA:1,(anonymous_1)
DA:2,1
DA:3,1
DA:6,1
DA:8,1
DA:9,1
LF:5
LH:5
BRF:0
BRH:0
end_of_record
TN:
SF:src/components/Products/Producto.styled.tsx
FNF:0
FNH:0
DA:1,1
DA:3,1
DA:9,1
DA:15,1
DA:24,1
DA:31,1
DA:40,1
DA:45,1
DA:50,1
DA:62,1
DA:73,1
LF:11
LH:11
BRF:0
BRH:0
end_of_record
TN:
SF:src/components/Products/Products.tsx
FN:12,(anonymous_1)
FN:17,(anonymous_2)
FN:23,(anonymous_3)
FNF:3
FNH:3
FNDA:3,(anonymous_1)
FNDA:4,(anonymous_2)
FNDA:1,(anonymous_3)
DA:2,1
DA:5,1
DA:12,1
DA:13,3
DA:18,4
DA:23,1
DA:34,1
LF:7
LH:7
BRDA:15,0,0,2
BRDA:15,0,1,1
BRF:2
BRH:2
end_of_record
TN:
SF:src/components/SearchBar/SearchBar.tsx
FN:10,(anonymous_1)
FN:11,(anonymous_2)
FNF:2
FNH:2
FNDA:1,(anonymous_1)
FNDA:2,(anonymous_2)
DA:2,1
DA:4,1
DA:10,1
DA:11,1
DA:12,2
DA:15,1
LF:6
LH:6
BRF:0
BRH:0
end_of_record
TN:
SF:src/components/User/User.tsx
FN:9,(anonymous_1)
FN:11,(anonymous_2)
FNF:2
FNH:2
FNDA:3,(anonymous_1)
FNDA:6,(anonymous_2)
DA:2,1
DA:3,1
DA:4,1
DA:7,1
DA:9,1
DA:10,3
DA:11,6
DA:13,3
LF:8
LH:8
BRF:0
BRH:0
end_of_record
TN:
SF:src/context/CartContext.tsx
FN:21,(anonymous_0)
FN:24,(anonymous_1)
FN:28,(anonymous_2)
FN:29,(anonymous_3)
FN:29,(anonymous_4)
FN:39,(anonymous_5)
FNF:6
FNH:1
FNDA:0,(anonymous_0)
FNDA:0,(anonymous_1)
FNDA:0,(anonymous_2)
FNDA:0,(anonymous_3)
FNDA:0,(anonymous_4)
FNDA:3,(anonymous_5)
DA:1,1
DA:15,1
DA:21,1
DA:22,0
DA:24,0
DA:25,0
DA:28,0
DA:29,0
DA:32,0
DA:39,1
DA:40,3
DA:41,3
DA:42,0
DA:44,3
DA:47,1
LF:15
LH:8
BRDA:41,0,0,0
BRF:1
BRH:0
end_of_record
TN:
SF:src/hooks/useCart.ts
FN:5,(anonymous_0)
FN:8,(anonymous_1)
FN:13,(anonymous_2)
FN:18,(anonymous_3)
FNF:4
FNH:4
FNDA:4,(anonymous_0)
FNDA:1,(anonymous_1)
FNDA:1,(anonymous_2)
FNDA:1,(anonymous_3)
DA:1,1
DA:2,1
DA:5,1
DA:6,4
DA:8,4
DA:9,1
DA:10,1
DA:13,4
DA:14,1
DA:15,1
DA:18,4
DA:19,1
DA:22,4
DA:24,4
LF:14
LH:14
BRF:0
BRH:0
end_of_record
TN:
SF:src/hooks/useFormulario.ts
FN:8,(anonymous_0)
FN:32,(anonymous_1)
FN:44,(anonymous_2)
FN:48,(anonymous_3)
FN:56,(anonymous_4)
FNF:5
FNH:5
FNDA:7,(anonymous_0)
FNDA:8,(anonymous_1)
FNDA:2,(anonymous_2)
FNDA:12,(anonymous_3)
FNDA:2,(anonymous_4)
DA:1,1
DA:3,1
DA:4,1
DA:6,1
DA:8,1
DA:9,7
DA:10,7
DA:12,7
DA:21,7
DA:30,7
DA:32,7
DA:35,8
DA:36,8
DA:38,8
DA:44,7
DA:45,2
DA:48,2
DA:49,12
DA:50,12
DA:53,2
DA:56,2
DA:57,2
DA:60,0
DA:61,0
DA:62,0
DA:65,7
LF:26
LH:23
BRDA:57,0,0,2
BRF:1
BRH:1
end_of_record
TN:
SF:src/hooks/useProducts.ts
FN:10,(anonymous_0)
FN:14,(anonymous_1)
FN:15,(anonymous_2)
FN:33,(anonymous_3)
FN:38,(anonymous_4)
FN:39,(anonymous_5)
FN:50,(anonymous_6)
FN:51,(anonymous_7)
FN:53,(anonymous_8)
FNF:9
FNH:9
FNDA:10,(anonymous_0)
FNDA:5,(anonymous_1)
FNDA:5,(anonymous_2)
FNDA:10,(anonymous_3)
FNDA:2,(anonymous_4)
FNDA:2,(anonymous_5)
FNDA:8,(anonymous_6)
FNDA:16,(anonymous_7)
FNDA:2,(anonymous_8)
DA:1,1
DA:2,1
DA:4,1
DA:10,1
DA:11,10
DA:12,10
DA:14,10
DA:15,5
DA:16,5
DA:17,5
DA:18,5
DA:19,5
DA:21,0
DA:23,5
DA:25,0
DA:26,0
DA:29,5
DA:33,10
DA:34,10
DA:37,10
DA:38,2
DA:39,2
DA:40,2
DA:46,10
DA:47,10
DA:49,4
DA:50,4
DA:51,16
DA:52,2
DA:53,2
DA:54,2
DA:60,4
DA:61,2
DA:65,10
DA:68,10
LF:35
LH:32
BRDA:18,0,0,5
BRDA:18,0,1,0
BRDA:37,1,0,2
BRDA:47,2,0,4
BRDA:51,3,0,2
BRDA:60,4,0,2
BRF:6
BRH:5
end_of_record
TN:
SF:src/proxy/fetchData.ts
FN:3,(anonymous_0)
FN:14,(anonymous_1)
FNF:2
FNH:2
FNDA:2,(anonymous_0)
FNDA:2,(anonymous_1)
DA:1,2
DA:3,2
DA:4,2
DA:5,2
DA:7,2
DA:8,1
DA:11,1
DA:14,2
DA:15,2
DA:16,2
DA:18,2
DA:19,1
DA:22,1
LF:13
LH:13
BRDA:7,0,0,1
BRDA:18,1,0,1
BRF:2
BRH:2
end_of_record
TN:
SF:src/utils/validaciones.ts
FN:9,(anonymous_0)
FNF:1
FNH:1
FNDA:27,(anonymous_0)
DA:1,2
DA:9,2
DA:10,27
DA:12,13
DA:15,8
DA:16,4
DA:18,5
DA:19,2
DA:21,0
DA:24,6
LF:10
LH:9
BRDA:10,0,0,14
BRDA:12,1,0,4
BRDA:12,1,1,8
BRDA:12,1,2,5
BRDA:12,1,3,0
BRDA:15,2,0,4
BRDA:18,3,0,3
BRF:7
BRH:6
end_of_record
